<?xml version="1.0" encoding="UTF-8"?>
<!-- Generated by org.testng.reporters.JUnitReportReporter -->
<testsuite hostname="LAPTOP-30NQU2FB" failures="0" tests="1" name="Test.TecovasTest" time="23.090" errors="0" timestamp="2023-12-01T17:52:51 IST" skipped="0">
  <testcase classname="Test.TecovasTest" name="testing" time="23.090"/>
</testsuite> <!-- Test.TecovasTest -->
